app/manifest-merger-release-report.txt
-- Merging decision tree log ---
manifest
ADDED from AndroidManifest.xml:2:1
	xmlns:android
		ADDED from AndroidManifest.xml:2:11
	package
		ADDED from AndroidManifest.xml:3:5
		INJECTED from AndroidManifest.xml:0:0
		INJECTED from AndroidManifest.xml:0:0
	android:versionName
		INJECTED from AndroidManifest.xml:0:0
		INJECTED from AndroidManifest.xml:0:0
	android:versionCode
		INJECTED from AndroidManifest.xml:0:0
		INJECTED from AndroidManifest.xml:0:0
uses-permission#android.permission.WAKE_LOCK
ADDED from AndroidManifest.xml:5:5
	android:name
		ADDED from AndroidManifest.xml:5:22
uses-permission#android.permission.INTERNET
ADDED from AndroidManifest.xml:6:5
	android:name
		ADDED from AndroidManifest.xml:6:22
uses-permission#android.permission.ACCESS_WIFI_STATE
ADDED from AndroidManifest.xml:7:5
	android:name
		ADDED from AndroidManifest.xml:7:22
uses-permission#android.permission.ACCESS_NETWORK_STATE
ADDED from AndroidManifest.xml:8:5
	android:name
		ADDED from AndroidManifest.xml:8:22
uses-permission#android.permission.VIBRATE
ADDED from AndroidManifest.xml:9:5
	android:name
		ADDED from AndroidManifest.xml:9:22
application
ADDED from AndroidManifest.xml:11:5
MERGED from com.android.support:appcompat-v7:21.0.3:16:5
MERGED from com.android.support:support-v4:21.0.3:16:5
	android:label
		ADDED from AndroidManifest.xml:14:9
	android:allowBackup
		ADDED from AndroidManifest.xml:12:9
	android:icon
		ADDED from AndroidManifest.xml:13:9
	android:theme
		ADDED from AndroidManifest.xml:15:9
activity#com.nenosoft.englishforkids.Splash
ADDED from AndroidManifest.xml:16:9
	android:screenOrientation
		ADDED from AndroidManifest.xml:17:63
	android:label
		ADDED from AndroidManifest.xml:18:13
	android:name
		ADDED from AndroidManifest.xml:17:13
intent-filter#android.intent.action.MAIN+android.intent.category.LAUNCHER
ADDED from AndroidManifest.xml:19:13
action#android.intent.action.MAIN
ADDED from AndroidManifest.xml:20:17
	android:name
		ADDED from AndroidManifest.xml:20:25
category#android.intent.category.LAUNCHER
ADDED from AndroidManifest.xml:22:17
	android:name
		ADDED from AndroidManifest.xml:22:27
activity#com.startapp.android.publish.list3d.List3DActivity
ADDED from AndroidManifest.xml:26:9
	android:theme
		ADDED from AndroidManifest.xml:28:13
	android:name
		ADDED from AndroidManifest.xml:27:13
activity#com.startapp.android.publish.AppWallActivity
ADDED from AndroidManifest.xml:30:9
	android:configChanges
		ADDED from AndroidManifest.xml:32:13
	android:theme
		ADDED from AndroidManifest.xml:33:13
	android:name
		ADDED from AndroidManifest.xml:31:13
activity#com.nenosoft.englishforkids.start_page
ADDED from AndroidManifest.xml:34:9
	android:name
		ADDED from AndroidManifest.xml:34:19
activity#com.nenosoft.englishforkids.alphabets
ADDED from AndroidManifest.xml:35:9
	android:name
		ADDED from AndroidManifest.xml:35:19
activity#com.nenosoft.englishforkids.fruites
ADDED from AndroidManifest.xml:36:9
	android:name
		ADDED from AndroidManifest.xml:36:19
activity#com.nenosoft.englishforkids.flower
ADDED from AndroidManifest.xml:37:9
	android:name
		ADDED from AndroidManifest.xml:37:19
activity#com.nenosoft.englishforkids.color
ADDED from AndroidManifest.xml:38:9
	android:name
		ADDED from AndroidManifest.xml:38:19
activity#com.nenosoft.englishforkids.countries
ADDED from AndroidManifest.xml:39:9
	android:name
		ADDED from AndroidManifest.xml:39:19
activity#com.nenosoft.englishforkids.vegetables
ADDED from AndroidManifest.xml:40:9
	android:name
		ADDED from AndroidManifest.xml:40:19
activity#com.nenosoft.englishforkids.shapes
ADDED from AndroidManifest.xml:41:9
	android:name
		ADDED from AndroidManifest.xml:41:19
activity#com.nenosoft.englishforkids.animals
ADDED from AndroidManifest.xml:42:9
	android:name
		ADDED from AndroidManifest.xml:42:19
activity#com.nenosoft.englishforkids.lookandchoose
ADDED from AndroidManifest.xml:43:9
	android:screenOrientation
		ADDED from AndroidManifest.xml:43:76
	android:name
		ADDED from AndroidManifest.xml:43:19
activity#com.nenosoft.englishforkids.Result
ADDED from AndroidManifest.xml:44:9
	android:screenOrientation
		ADDED from AndroidManifest.xml:44:69
	android:name
		ADDED from AndroidManifest.xml:44:19
activity#com.nenosoft.englishforkids.quiz
ADDED from AndroidManifest.xml:45:9
	android:screenOrientation
		ADDED from AndroidManifest.xml:45:67
	android:name
		ADDED from AndroidManifest.xml:45:19
activity#com.nenosoft.englishforkids.Videoplayer
ADDED from AndroidManifest.xml:46:9
	android:screenOrientation
		ADDED from AndroidManifest.xml:48:13
	android:name
		ADDED from AndroidManifest.xml:47:13
activity#com.nenosoft.englishforkids.MainActivity
ADDED from AndroidManifest.xml:49:9
	android:name
		ADDED from AndroidManifest.xml:49:19
activity#com.nenosoft.englishforkids.Mainpage
ADDED from AndroidManifest.xml:50:9
	android:screenOrientation
		ADDED from AndroidManifest.xml:51:65
	android:name
		ADDED from AndroidManifest.xml:51:13
uses-sdk
INJECTED from AndroidManifest.xml:0:0 reason: use-sdk injection requested
MERGED from com.android.support:appcompat-v7:21.0.3:15:5
MERGED from com.android.support:support-v4:21.0.3:15:5
	android:targetSdkVersion
		INJECTED from AndroidManifest.xml:0:0
		INJECTED from AndroidManifest.xml:0:0
	android:minSdkVersion
		INJECTED from AndroidManifest.xml:0:0
		INJECTED from AndroidManifest.xml:0:0